E:\github\arpggame\arpg3dto2dzip\arpg3dto2dzip\jsbin\AppDataArpg.js
E:\github\arpggame\arpg3dto2dzip\arpg3dto2dzip\jsbin\AppDataArpg.js.map
E:\github\arpggame\arpg3dto2dzip\arpg3dto2dzip\jsbin\LinkScene2DManager.js
E:\github\arpggame\arpg3dto2dzip\arpg3dto2dzip\jsbin\LinkScene2DManager.js.map
E:\github\arpggame\arpg3dto2dzip\arpg3dto2dzip\jsbin\MapConfig.js
E:\github\arpggame\arpg3dto2dzip\arpg3dto2dzip\jsbin\MapConfig.js.map
E:\github\arpggame\arpg3dto2dzip\arpg3dto2dzip\jsbin\overridclass\Engine2d.js
E:\github\arpggame\arpg3dto2dzip\arpg3dto2dzip\jsbin\overridclass\Engine2d.js.map
E:\github\arpggame\arpg3dto2dzip\arpg3dto2dzip\jsbin\overridclass\Scene2dChar.js
E:\github\arpggame\arpg3dto2dzip\arpg3dto2dzip\jsbin\overridclass\Scene2dChar.js.map
E:\github\arpggame\arpg3dto2dzip\arpg3dto2dzip\jsbin\overridclass\Scene2dManager.js
E:\github\arpggame\arpg3dto2dzip\arpg3dto2dzip\jsbin\overridclass\Scene2dManager.js.map
E:\github\arpggame\arpg3dto2dzip\arpg3dto2dzip\jsbin\Scene2dStart.js
E:\github\arpggame\arpg3dto2dzip\arpg3dto2dzip\jsbin\Scene2dStart.js.map
E:\github\arpggame\arpg3dto2dzip\arpg3dto2dzip\jsbin\SceneAstarModel.js
E:\github\arpggame\arpg3dto2dzip\arpg3dto2dzip\jsbin\SceneAstarModel.js.map
E:\github\arpggame\arpg3dto2dzip\arpg3dto2dzip\jsbin\SceneGroundModel.js
E:\github\arpggame\arpg3dto2dzip\arpg3dto2dzip\jsbin\SceneGroundModel.js.map
E:\github\arpggame\arpg3dto2dzip\arpg3dto2dzip\jsbin\SceneLinkEventModel.js
E:\github\arpggame\arpg3dto2dzip\arpg3dto2dzip\jsbin\SceneLinkEventModel.js.map
E:\github\arpggame\arpg3dto2dzip\arpg3dto2dzip\jsbin\YaoGanModelPanel.js
E:\github\arpggame\arpg3dto2dzip\arpg3dto2dzip\jsbin\YaoGanModelPanel.js.map
