C:\wamp\www\work\LayaAir\layazip\layazip\jsbin\Launch.js
C:\wamp\www\work\LayaAir\layazip\layazip\jsbin\Launch.js.map
C:\wamp\www\work\LayaAir\layazip\layazip\jsbin\myShaderSprite.js
C:\wamp\www\work\LayaAir\layazip\layazip\jsbin\myShaderSprite.js.map
C:\wamp\www\work\LayaAir\layazip\layazip\jsbin\pan3d\CharSkillPlayModel.js
C:\wamp\www\work\LayaAir\layazip\layazip\jsbin\pan3d\CharSkillPlayModel.js.map
C:\wamp\www\work\LayaAir\layazip\layazip\jsbin\pan3d\override\OverrideEngine.js
C:\wamp\www\work\LayaAir\layazip\layazip\jsbin\pan3d\override\OverrideEngine.js.map
C:\wamp\www\work\LayaAir\layazip\layazip\jsbin\pan3d\override\OverrideSceneManager.js
C:\wamp\www\work\LayaAir\layazip\layazip\jsbin\pan3d\override\OverrideSceneManager.js.map
C:\wamp\www\work\LayaAir\layazip\layazip\jsbin\pan3d\Scene3dInit.js
C:\wamp\www\work\LayaAir\layazip\layazip\jsbin\pan3d\Scene3dInit.js.map
C:\wamp\www\work\LayaAir\layazip\layazip\jsbin\pan3d\CharModelShow.js
C:\wamp\www\work\LayaAir\layazip\layazip\jsbin\pan3d\CharModelShow.js.map
C:\wamp\www\work\LayaAir\layazip\layazip\jsbin\pan3d\scenedis\ModelSceneChar.js
C:\wamp\www\work\LayaAir\layazip\layazip\jsbin\pan3d\scenedis\ModelSceneChar.js.map
C:\wamp\www\work\LayaAir\layazip\layazip\jsbin\pan3d\scenedis\ModelshowMouseManager.js
C:\wamp\www\work\LayaAir\layazip\layazip\jsbin\pan3d\scenedis\ModelshowMouseManager.js.map
C:\wamp\www\work\LayaAir\layazip\layazip\jsbin\pan3d\scenedis\SceneMouseEventModel.js
C:\wamp\www\work\LayaAir\layazip\layazip\jsbin\pan3d\scenedis\SceneMouseEventModel.js.map
C:\wamp\www\work\LayaAir\layazip\layazip\jsbin\pan3d\scenedis\SkillSceneChar.js
C:\wamp\www\work\LayaAir\layazip\layazip\jsbin\pan3d\scenedis\SkillSceneChar.js.map
