E:\github\arpggame\LayaAir\laya2dzip\laya2dzip\jsbin\Launch.js
E:\github\arpggame\LayaAir\laya2dzip\laya2dzip\jsbin\Launch.js.map
E:\github\arpggame\LayaAir\laya2dzip\laya2dzip\jsbin\myShaderSprite.js
E:\github\arpggame\LayaAir\laya2dzip\laya2dzip\jsbin\myShaderSprite.js.map
E:\github\arpggame\LayaAir\laya2dzip\laya2dzip\jsbin\pan2d\AppDataArpg.js
E:\github\arpggame\LayaAir\laya2dzip\laya2dzip\jsbin\pan2d\AppDataArpg.js.map
E:\github\arpggame\LayaAir\laya2dzip\laya2dzip\jsbin\pan2d\CanvasPostionModel.js
E:\github\arpggame\LayaAir\laya2dzip\laya2dzip\jsbin\pan2d\CanvasPostionModel.js.map
E:\github\arpggame\LayaAir\laya2dzip\laya2dzip\jsbin\pan2d\GroundModel.js
E:\github\arpggame\LayaAir\laya2dzip\laya2dzip\jsbin\pan2d\GroundModel.js.map
E:\github\arpggame\LayaAir\laya2dzip\laya2dzip\jsbin\pan2d\override2d\Override2dEngine.js
E:\github\arpggame\LayaAir\laya2dzip\laya2dzip\jsbin\pan2d\override2d\Override2dEngine.js.map
E:\github\arpggame\LayaAir\laya2dzip\laya2dzip\jsbin\pan2d\override2d\Override2dSceneManager.js
E:\github\arpggame\LayaAir\laya2dzip\laya2dzip\jsbin\pan2d\override2d\Override2dSceneManager.js.map
E:\github\arpggame\LayaAir\laya2dzip\laya2dzip\jsbin\pan2d\Scene2dChar.js
E:\github\arpggame\LayaAir\laya2dzip\laya2dzip\jsbin\pan2d\Scene2dChar.js.map
E:\github\arpggame\LayaAir\laya2dzip\laya2dzip\jsbin\pan2d\Scene2dInit.js
E:\github\arpggame\LayaAir\laya2dzip\laya2dzip\jsbin\pan2d\Scene2dInit.js.map
E:\github\arpggame\LayaAir\laya2dzip\laya2dzip\jsbin\scenedis\CharSkillPlayModel.js
E:\github\arpggame\LayaAir\laya2dzip\laya2dzip\jsbin\scenedis\CharSkillPlayModel.js.map
E:\github\arpggame\LayaAir\laya2dzip\laya2dzip\jsbin\pan3d\override\OverrideEngine.js
E:\github\arpggame\LayaAir\laya2dzip\laya2dzip\jsbin\pan3d\override\OverrideEngine.js.map
E:\github\arpggame\LayaAir\laya2dzip\laya2dzip\jsbin\pan3d\override\OverrideSceneManager.js
E:\github\arpggame\LayaAir\laya2dzip\laya2dzip\jsbin\pan3d\override\OverrideSceneManager.js.map
E:\github\arpggame\LayaAir\laya2dzip\laya2dzip\jsbin\pan3d\Scene3dInit.js
E:\github\arpggame\LayaAir\laya2dzip\laya2dzip\jsbin\pan3d\Scene3dInit.js.map
E:\github\arpggame\LayaAir\laya2dzip\laya2dzip\jsbin\scenedis\CharModelShow.js
E:\github\arpggame\LayaAir\laya2dzip\laya2dzip\jsbin\scenedis\CharModelShow.js.map
E:\github\arpggame\LayaAir\laya2dzip\laya2dzip\jsbin\scenedis\ModelSceneChar.js
E:\github\arpggame\LayaAir\laya2dzip\laya2dzip\jsbin\scenedis\ModelSceneChar.js.map
E:\github\arpggame\LayaAir\laya2dzip\laya2dzip\jsbin\scenedis\ModelshowMouseManager.js
E:\github\arpggame\LayaAir\laya2dzip\laya2dzip\jsbin\scenedis\ModelshowMouseManager.js.map
E:\github\arpggame\LayaAir\laya2dzip\laya2dzip\jsbin\scenedis\SceneMouseEventModel.js
E:\github\arpggame\LayaAir\laya2dzip\laya2dzip\jsbin\scenedis\SceneMouseEventModel.js.map
E:\github\arpggame\LayaAir\laya2dzip\laya2dzip\jsbin\scenedis\SkillSceneChar.js
E:\github\arpggame\LayaAir\laya2dzip\laya2dzip\jsbin\scenedis\SkillSceneChar.js.map
